# JRE version: OpenJDK Runtime Environment Microsoft-8035246 (17.0.8+7) (build 17.0.8+7-LTS)
# Java VM: OpenJDK 64-Bit Server VM Microsoft-8035246 (17.0.8+7-LTS, mixed mode, sharing, tiered, compressed oops, compressed class ptrs, g1 gc, windows-amd64)
GC Precious Log:
 CPUs: 4 total, 4 available
 Memory: 8084M
 Large Page Support: Disabled
 NUMA Support: Disabled
 Compressed Oops: Enabled (32-bit)
 Heap Region Size: 1M
 Heap Min Capacity: 8M
 Heap Initial Capacity: 128M
 Heap Max Capacity: 2G
 Pre-touch: Disabled
 Parallel Workers: 4
 Concurrent Workers: 1
 Concurrent Refinement Workers: 4
 Periodic GC: Disabled
Heap:
 garbage-first heap   total 399360K, used 274944K [0x0000000080000000, 0x0000000100000000)
  region size 1024K, 90 young (92160K), 10 survivors (10240K)
 Metaspace       used 101110K, committed 102208K, reserved 557056K
  class space    used 13998K, committed 14528K, reserved 425984K
GC Heap History (20 events):
Event: 67.623 GC heap before
{Heap before GC invocations=36 (full 0):
 garbage-first heap   total 199680K, used 158080K [0x0000000080000000, 0x0000000100000000)
  region size 1024K, 74 young (75776K), 5 survivors (5120K)
 Metaspace       used 77365K, committed 78080K, reserved 557056K
  class space    used 10770K, committed 11136K, reserved 425984K
}
Event: 67.646 GC heap after
{Heap after GC invocations=37 (full 0):
 garbage-first heap   total 199680K, used 91881K [0x0000000080000000, 0x0000000100000000)
  region size 1024K, 9 young (9216K), 9 survivors (9216K)
 Metaspace       used 77365K, committed 78080K, reserved 557056K
  class space    used 10770K, committed 11136K, reserved 425984K
}
Event: 69.399 GC heap before
{Heap before GC invocations=37 (full 0):
 garbage-first heap   total 199680K, used 160489K [0x0000000080000000, 0x0000000100000000)
  region size 1024K, 75 young (76800K), 9 survivors (9216K)
 Metaspace       used 81831K, committed 82560K, reserved 557056K
  class space    used 11492K, committed 11840K, reserved 425984K
}
Event: 69.420 GC heap after
{Heap after GC invocations=38 (full 0):
 garbage-first heap   total 199680K, used 94256K [0x0000000080000000, 0x0000000100000000)
  region size 1024K, 8 young (8192K), 8 survivors (8192K)
 Metaspace       used 81831K, committed 82560K, reserved 557056K
  class space    used 11492K, committed 11840K, reserved 425984K
}
Event: 71.145 GC heap before
{Heap before GC invocations=38 (full 0):
 garbage-first heap   total 199680K, used 161840K [0x0000000080000000, 0x0000000100000000)
  region size 1024K, 74 young (75776K), 8 survivors (8192K)
 Metaspace       used 86091K, committed 86912K, reserved 557056K
  class space    used 12145K, committed 12544K, reserved 425984K
}
Event: 71.176 GC heap after
{Heap after GC invocations=39 (full 0):
 garbage-first heap   total 199680K, used 99484K [0x0000000080000000, 0x0000000100000000)
  region size 1024K, 8 young (8192K), 8 survivors (8192K)
 Metaspace       used 86091K, committed 86912K, reserved 557056K
  class space    used 12145K, committed 12544K, reserved 425984K
}
Event: 73.171 GC heap before
{Heap before GC invocations=39 (full 0):
 garbage-first heap   total 199680K, used 166044K [0x0000000080000000, 0x0000000100000000)
  region size 1024K, 70 young (71680K), 8 survivors (8192K)
 Metaspace       used 87851K, committed 88704K, reserved 557056K
  class space    used 12391K, committed 12800K, reserved 425984K
}
Event: 73.207 GC heap after
{Heap after GC invocations=40 (full 0):
 garbage-first heap   total 199680K, used 115923K [0x0000000080000000, 0x0000000100000000)
  region size 1024K, 9 young (9216K), 9 survivors (9216K)
 Metaspace       used 87851K, committed 88704K, reserved 557056K
  class space    used 12391K, committed 12800K, reserved 425984K
}
Event: 74.614 GC heap before
{Heap before GC invocations=40 (full 0):
 garbage-first heap   total 199680K, used 163027K [0x0000000080000000, 0x0000000100000000)
  region size 1024K, 52 young (53248K), 9 survivors (9216K)
 Metaspace       used 88171K, committed 89024K, reserved 557056K
  class space    used 12428K, committed 12864K, reserved 425984K
}
Event: 74.647 GC heap after
{Heap after GC invocations=41 (full 0):
 garbage-first heap   total 199680K, used 130048K [0x0000000080000000, 0x0000000100000000)
  region size 1024K, 7 young (7168K), 7 survivors (7168K)
 Metaspace       used 88171K, committed 89024K, reserved 557056K
  class space    used 12428K, committed 12864K, reserved 425984K
}
Event: 75.494 GC heap before
{Heap before GC invocations=41 (full 0):
 garbage-first heap   total 199680K, used 161792K [0x0000000080000000, 0x0000000100000000)
  region size 1024K, 38 young (38912K), 7 survivors (7168K)
 Metaspace       used 88574K, committed 89472K, reserved 557056K
  class space    used 12478K, committed 12928K, reserved 425984K
}
Event: 75.528 GC heap after
{Heap after GC invocations=42 (full 0):
 garbage-first heap   total 399360K, used 139760K [0x0000000080000000, 0x0000000100000000)
  region size 1024K, 5 young (5120K), 5 survivors (5120K)
 Metaspace       used 88574K, committed 89472K, reserved 557056K
  class space    used 12478K, committed 12928K, reserved 425984K
}
Event: 82.513 GC heap before
{Heap before GC invocations=42 (full 0):
 garbage-first heap   total 399360K, used 287216K [0x0000000080000000, 0x0000000100000000)
  region size 1024K, 149 young (152576K), 5 survivors (5120K)
 Metaspace       used 96916K, committed 97856K, reserved 557056K
  class space    used 13576K, committed 14016K, reserved 425984K
}
Event: 82.575 GC heap after
{Heap after GC invocations=43 (full 0):
 garbage-first heap   total 399360K, used 152534K [0x0000000080000000, 0x0000000100000000)
  region size 1024K, 18 young (18432K), 18 survivors (18432K)
 Metaspace       used 96916K, committed 97856K, reserved 557056K
  class space    used 13576K, committed 14016K, reserved 425984K
}
Event: 87.559 GC heap before
{Heap before GC invocations=43 (full 0):
 garbage-first heap   total 399360K, used 299990K [0x0000000080000000, 0x0000000100000000)
  region size 1024K, 163 young (166912K), 18 survivors (18432K)
 Metaspace       used 98616K, committed 99648K, reserved 557056K
  class space    used 13780K, committed 14272K, reserved 425984K
}
Event: 87.628 GC heap after
{Heap after GC invocations=44 (full 0):
 garbage-first heap   total 399360K, used 165061K [0x0000000080000000, 0x0000000100000000)
  region size 1024K, 13 young (13312K), 13 survivors (13312K)
 Metaspace       used 98616K, committed 99648K, reserved 557056K
  class space    used 13780K, committed 14272K, reserved 425984K
}
Event: 91.743 GC heap before
{Heap before GC invocations=44 (full 0):
 garbage-first heap   total 399360K, used 334021K [0x0000000080000000, 0x0000000100000000)
  region size 1024K, 155 young (158720K), 13 survivors (13312K)
 Metaspace       used 98965K, committed 99904K, reserved 557056K
  class space    used 13796K, committed 14272K, reserved 425984K
}
Event: 91.795 GC heap after
{Heap after GC invocations=45 (full 0):
 garbage-first heap   total 399360K, used 180736K [0x0000000080000000, 0x0000000100000000)
  region size 1024K, 12 young (12288K), 12 survivors (12288K)
 Metaspace       used 98965K, committed 99904K, reserved 557056K
  class space    used 13796K, committed 14272K, reserved 425984K
}
Event: 95.331 GC heap before
{Heap before GC invocations=45 (full 0):
 garbage-first heap   total 399360K, used 330240K [0x0000000080000000, 0x0000000100000000)
  region size 1024K, 147 young (150528K), 12 survivors (12288K)
 Metaspace       used 99350K, committed 100288K, reserved 557056K
  class space    used 13840K, committed 14336K, reserved 425984K
}
Event: 95.392 GC heap after
{Heap after GC invocations=46 (full 0):
 garbage-first heap   total 399360K, used 185856K [0x0000000080000000, 0x0000000100000000)
  region size 1024K, 10 young (10240K), 10 survivors (10240K)
 Metaspace       used 99350K, committed 100288K, reserved 557056K
  class space    used 13840K, committed 14336K, reserved 425984K
}

